0 info it worked if it ends with ok
1 verbose cli [ '/usr/local/bin/node', '/usr/local/bin/npm', 'run', 'deploy' ]
2 info using npm@2.12.1
3 info using node@v5.8.0
4 verbose run-script [ 'predeploy', 'deploy', 'postdeploy' ]
5 info predeploy PhaserES6Webpack@1.0.0
6 info deploy PhaserES6Webpack@1.0.0
7 verbose unsafe-perm in lifecycle true
8 info PhaserES6Webpack@1.0.0 Failed to exec deploy script
9 verbose stack Error: PhaserES6Webpack@1.0.0 deploy: `webpack --config webpack.production.config.js`
9 verbose stack Exit status 1
9 verbose stack     at EventEmitter.<anonymous> (/usr/local/lib/node_modules/npm/lib/utils/lifecycle.js:213:16)
9 verbose stack     at emitTwo (events.js:100:13)
9 verbose stack     at EventEmitter.emit (events.js:185:7)
9 verbose stack     at ChildProcess.<anonymous> (/usr/local/lib/node_modules/npm/lib/utils/spawn.js:24:14)
9 verbose stack     at emitTwo (events.js:100:13)
9 verbose stack     at ChildProcess.emit (events.js:185:7)
9 verbose stack     at maybeClose (internal/child_process.js:850:16)
9 verbose stack     at Process.ChildProcess._handle.onexit (internal/child_process.js:215:5)
10 verbose pkgid PhaserES6Webpack@1.0.0
11 verbose cwd /Users/ryanchen/dev/phaser-es6-webpack
12 error Darwin 14.4.0
13 error argv "/usr/local/bin/node" "/usr/local/bin/npm" "run" "deploy"
14 error node v5.8.0
15 error npm  v2.12.1
16 error code ELIFECYCLE
17 error PhaserES6Webpack@1.0.0 deploy: `webpack --config webpack.production.config.js`
17 error Exit status 1
18 error Failed at the PhaserES6Webpack@1.0.0 deploy script 'webpack --config webpack.production.config.js'.
18 error This is most likely a problem with the PhaserES6Webpack package,
18 error not with npm itself.
18 error Tell the author that this fails on your system:
18 error     webpack --config webpack.production.config.js
18 error You can get their info via:
18 error     npm owner ls PhaserES6Webpack
18 error There is likely additional logging output above.
19 verbose exit [ 1, true ]
